<?xml version="1.0" encoding="UTF-8"?>
<testng-results skipped="0" failed="0" ignored="0" total="10" passed="10">
  <reporter-output>
  </reporter-output>
  <suite name="FREE CRM Application Test Automation Test Suite" duration-ms="199619" started-at="2018-02-16T07:06:02Z" finished-at="2018-02-16T07:09:21Z">
    <groups>
    </groups>
    <test name="Free CRM App Test Cases" duration-ms="199619" started-at="2018-02-16T07:06:02Z" finished-at="2018-02-16T07:09:21Z">
      <class name="com.crm.qa.testcases.HomePageTest">
        <test-method status="PASS" signature="startUp()[pri:0, instance:com.crm.qa.testcases.HomePageTest@5bcea91b]" name="startUp" is-config="true" duration-ms="19533" started-at="2018-02-16T07:07:32Z" finished-at="2018-02-16T07:07:52Z">
          <reporter-output>
          </reporter-output>
        </test-method> <!-- startUp -->
        <test-method status="PASS" signature="verifyTitleTest()[pri:1, instance:com.crm.qa.testcases.HomePageTest@5bcea91b]" name="verifyTitleTest" duration-ms="7" started-at="2018-02-16T07:07:52Z" finished-at="2018-02-16T07:07:52Z">
          <reporter-output>
          </reporter-output>
        </test-method> <!-- verifyTitleTest -->
        <test-method status="PASS" signature="tearDown()[pri:0, instance:com.crm.qa.testcases.HomePageTest@5bcea91b]" name="tearDown" is-config="true" duration-ms="737" started-at="2018-02-16T07:07:52Z" finished-at="2018-02-16T07:07:53Z">
          <reporter-output>
          </reporter-output>
        </test-method> <!-- tearDown -->
        <test-method status="PASS" signature="startUp()[pri:0, instance:com.crm.qa.testcases.HomePageTest@5bcea91b]" name="startUp" is-config="true" duration-ms="19026" started-at="2018-02-16T07:08:02Z" finished-at="2018-02-16T07:08:21Z">
          <reporter-output>
          </reporter-output>
        </test-method> <!-- startUp -->
        <test-method status="PASS" signature="contactsLinkTest()[pri:2, instance:com.crm.qa.testcases.HomePageTest@5bcea91b]" name="contactsLinkTest" duration-ms="1459" started-at="2018-02-16T07:08:21Z" finished-at="2018-02-16T07:08:23Z">
          <reporter-output>
          </reporter-output>
        </test-method> <!-- contactsLinkTest -->
        <test-method status="PASS" signature="tearDown()[pri:0, instance:com.crm.qa.testcases.HomePageTest@5bcea91b]" name="tearDown" is-config="true" duration-ms="752" started-at="2018-02-16T07:08:23Z" finished-at="2018-02-16T07:08:24Z">
          <reporter-output>
          </reporter-output>
        </test-method> <!-- tearDown -->
        <test-method status="PASS" signature="startUp()[pri:0, instance:com.crm.qa.testcases.HomePageTest@5bcea91b]" name="startUp" is-config="true" duration-ms="16389" started-at="2018-02-16T07:08:45Z" finished-at="2018-02-16T07:09:01Z">
          <reporter-output>
          </reporter-output>
        </test-method> <!-- startUp -->
        <test-method status="PASS" signature="dealsLinkTest()[pri:3, instance:com.crm.qa.testcases.HomePageTest@5bcea91b]" name="dealsLinkTest" duration-ms="1362" started-at="2018-02-16T07:09:01Z" finished-at="2018-02-16T07:09:03Z">
          <reporter-output>
          </reporter-output>
        </test-method> <!-- dealsLinkTest -->
        <test-method status="PASS" signature="tearDown()[pri:0, instance:com.crm.qa.testcases.HomePageTest@5bcea91b]" name="tearDown" is-config="true" duration-ms="787" started-at="2018-02-16T07:09:03Z" finished-at="2018-02-16T07:09:03Z">
          <reporter-output>
          </reporter-output>
        </test-method> <!-- tearDown -->
        <test-method status="PASS" signature="startUp()[pri:0, instance:com.crm.qa.testcases.HomePageTest@5bcea91b]" name="startUp" is-config="true" duration-ms="15758" started-at="2018-02-16T07:09:03Z" finished-at="2018-02-16T07:09:19Z">
          <reporter-output>
          </reporter-output>
        </test-method> <!-- startUp -->
        <test-method status="PASS" signature="tasksLinkTest()[pri:4, instance:com.crm.qa.testcases.HomePageTest@5bcea91b]" name="tasksLinkTest" duration-ms="1446" started-at="2018-02-16T07:09:19Z" finished-at="2018-02-16T07:09:21Z">
          <reporter-output>
          </reporter-output>
        </test-method> <!-- tasksLinkTest -->
        <test-method status="PASS" signature="tearDown()[pri:0, instance:com.crm.qa.testcases.HomePageTest@5bcea91b]" name="tearDown" is-config="true" duration-ms="738" started-at="2018-02-16T07:09:21Z" finished-at="2018-02-16T07:09:21Z">
          <reporter-output>
          </reporter-output>
        </test-method> <!-- tearDown -->
      </class> <!-- com.crm.qa.testcases.HomePageTest -->
      <class name="com.crm.qa.testcases.ContactsPageTest">
        <test-method status="PASS" signature="startUp()[pri:0, instance:com.crm.qa.testcases.ContactsPageTest@5f3a4b84]" name="startUp" is-config="true" duration-ms="24758" started-at="2018-02-16T07:06:02Z" finished-at="2018-02-16T07:06:27Z">
          <reporter-output>
          </reporter-output>
        </test-method> <!-- startUp -->
        <test-method status="PASS" signature="fillform(java.lang.String, java.lang.String, java.lang.String, java.lang.String, java.lang.String)[pri:0, instance:com.crm.qa.testcases.ContactsPageTest@5f3a4b84]" name="fillform" duration-ms="4409" started-at="2018-02-16T07:06:27Z" data-provider="getCrmTestData" finished-at="2018-02-16T07:06:32Z">
          <params>
            <param index="0">
              <value>
                <![CDATA[Ranganath]]>
              </value>
            </param>
            <param index="1">
              <value>
                <![CDATA[babu]]>
              </value>
            </param>
            <param index="2">
              <value>
                <![CDATA[8.147582738E9]]>
              </value>
            </param>
            <param index="3">
              <value>
                <![CDATA[ranga.penga@gmail.com]]>
              </value>
            </param>
            <param index="4">
              <value>
                <![CDATA[10-Jul-1957]]>
              </value>
            </param>
          </params>
          <reporter-output>
          </reporter-output>
        </test-method> <!-- fillform -->
        <test-method status="PASS" signature="tearDown()[pri:0, instance:com.crm.qa.testcases.ContactsPageTest@5f3a4b84]" name="tearDown" is-config="true" duration-ms="798" started-at="2018-02-16T07:06:32Z" finished-at="2018-02-16T07:06:32Z">
          <reporter-output>
          </reporter-output>
        </test-method> <!-- tearDown -->
        <test-method status="PASS" signature="startUp()[pri:0, instance:com.crm.qa.testcases.ContactsPageTest@5f3a4b84]" name="startUp" is-config="true" duration-ms="21896" started-at="2018-02-16T07:06:32Z" finished-at="2018-02-16T07:06:54Z">
          <reporter-output>
          </reporter-output>
        </test-method> <!-- startUp -->
        <test-method status="PASS" signature="fillform(java.lang.String, java.lang.String, java.lang.String, java.lang.String, java.lang.String)[pri:0, instance:com.crm.qa.testcases.ContactsPageTest@5f3a4b84]" name="fillform" duration-ms="3501" started-at="2018-02-16T07:06:54Z" data-provider="getCrmTestData" finished-at="2018-02-16T07:06:58Z">
          <params>
            <param index="0">
              <value>
                <![CDATA[Hema]]>
              </value>
            </param>
            <param index="1">
              <value>
                <![CDATA[babu]]>
              </value>
            </param>
            <param index="2">
              <value>
                <![CDATA[8.525415456E9]]>
              </value>
            </param>
            <param index="3">
              <value>
                <![CDATA[hema.goma@yahoo.com]]>
              </value>
            </param>
            <param index="4">
              <value>
                <![CDATA[07-Aug-2005]]>
              </value>
            </param>
          </params>
          <reporter-output>
          </reporter-output>
        </test-method> <!-- fillform -->
        <test-method status="PASS" signature="tearDown()[pri:0, instance:com.crm.qa.testcases.ContactsPageTest@5f3a4b84]" name="tearDown" is-config="true" duration-ms="725" started-at="2018-02-16T07:06:58Z" finished-at="2018-02-16T07:06:59Z">
          <reporter-output>
          </reporter-output>
        </test-method> <!-- tearDown -->
        <test-method status="PASS" signature="startUp()[pri:0, instance:com.crm.qa.testcases.ContactsPageTest@5f3a4b84]" name="startUp" is-config="true" duration-ms="19122" started-at="2018-02-16T07:06:59Z" finished-at="2018-02-16T07:07:18Z">
          <reporter-output>
          </reporter-output>
        </test-method> <!-- startUp -->
        <test-method status="PASS" signature="fillform(java.lang.String, java.lang.String, java.lang.String, java.lang.String, java.lang.String)[pri:0, instance:com.crm.qa.testcases.ContactsPageTest@5f3a4b84]" name="fillform" duration-ms="3663" started-at="2018-02-16T07:07:18Z" data-provider="getCrmTestData" finished-at="2018-02-16T07:07:21Z">
          <params>
            <param index="0">
              <value>
                <![CDATA[Bhuvana]]>
              </value>
            </param>
            <param index="1">
              <value>
                <![CDATA[shankar]]>
              </value>
            </param>
            <param index="2">
              <value>
                <![CDATA[9.845210946E9]]>
              </value>
            </param>
            <param index="3">
              <value>
                <![CDATA[buvana.pari@gmail.com]]>
              </value>
            </param>
            <param index="4">
              <value>
                <![CDATA[24-Jun-1994]]>
              </value>
            </param>
          </params>
          <reporter-output>
          </reporter-output>
        </test-method> <!-- fillform -->
        <test-method status="PASS" signature="tearDown()[pri:0, instance:com.crm.qa.testcases.ContactsPageTest@5f3a4b84]" name="tearDown" is-config="true" duration-ms="927" started-at="2018-02-16T07:07:21Z" finished-at="2018-02-16T07:07:22Z">
          <reporter-output>
          </reporter-output>
        </test-method> <!-- tearDown -->
      </class> <!-- com.crm.qa.testcases.ContactsPageTest -->
      <class name="com.crm.qa.testcases.LoginPageTest">
        <test-method status="PASS" signature="setUp()[pri:0, instance:com.crm.qa.testcases.LoginPageTest@12cdcf4]" name="setUp" is-config="true" duration-ms="9276" started-at="2018-02-16T07:07:22Z" finished-at="2018-02-16T07:07:32Z">
          <reporter-output>
          </reporter-output>
        </test-method> <!-- setUp -->
        <test-method status="PASS" signature="loginPageTitleTest()[pri:1, instance:com.crm.qa.testcases.LoginPageTest@12cdcf4]" name="loginPageTitleTest" duration-ms="16" started-at="2018-02-16T07:07:32Z" finished-at="2018-02-16T07:07:32Z">
          <reporter-output>
          </reporter-output>
        </test-method> <!-- loginPageTitleTest -->
        <test-method status="PASS" signature="tearDown()[pri:0, instance:com.crm.qa.testcases.LoginPageTest@12cdcf4]" name="tearDown" is-config="true" duration-ms="773" started-at="2018-02-16T07:07:32Z" finished-at="2018-02-16T07:07:32Z">
          <reporter-output>
          </reporter-output>
        </test-method> <!-- tearDown -->
        <test-method status="PASS" signature="setUp()[pri:0, instance:com.crm.qa.testcases.LoginPageTest@12cdcf4]" name="setUp" is-config="true" duration-ms="9029" started-at="2018-02-16T07:07:53Z" finished-at="2018-02-16T07:08:02Z">
          <reporter-output>
          </reporter-output>
        </test-method> <!-- setUp -->
        <test-method status="PASS" signature="logoTest()[pri:2, instance:com.crm.qa.testcases.LoginPageTest@12cdcf4]" name="logoTest" duration-ms="56" started-at="2018-02-16T07:08:02Z" finished-at="2018-02-16T07:08:02Z">
          <reporter-output>
          </reporter-output>
        </test-method> <!-- logoTest -->
        <test-method status="PASS" signature="tearDown()[pri:0, instance:com.crm.qa.testcases.LoginPageTest@12cdcf4]" name="tearDown" is-config="true" duration-ms="745" started-at="2018-02-16T07:08:02Z" finished-at="2018-02-16T07:08:02Z">
          <reporter-output>
          </reporter-output>
        </test-method> <!-- tearDown -->
        <test-method status="PASS" signature="setUp()[pri:0, instance:com.crm.qa.testcases.LoginPageTest@12cdcf4]" name="setUp" is-config="true" duration-ms="10503" started-at="2018-02-16T07:08:24Z" finished-at="2018-02-16T07:08:34Z">
          <reporter-output>
          </reporter-output>
        </test-method> <!-- setUp -->
        <test-method status="PASS" signature="Login()[pri:3, instance:com.crm.qa.testcases.LoginPageTest@12cdcf4]" name="Login" duration-ms="9833" started-at="2018-02-16T07:08:34Z" finished-at="2018-02-16T07:08:44Z">
          <reporter-output>
          </reporter-output>
        </test-method> <!-- Login -->
        <test-method status="PASS" signature="tearDown()[pri:0, instance:com.crm.qa.testcases.LoginPageTest@12cdcf4]" name="tearDown" is-config="true" duration-ms="751" started-at="2018-02-16T07:08:44Z" finished-at="2018-02-16T07:08:45Z">
          <reporter-output>
          </reporter-output>
        </test-method> <!-- tearDown -->
      </class> <!-- com.crm.qa.testcases.LoginPageTest -->
    </test> <!-- Free CRM App Test Cases -->
  </suite> <!-- FREE CRM Application Test Automation Test Suite -->
</testng-results>
